This is pdfTeX, Version 3.1415926-2.3-1.40.12 (TeX Live 2011) (format=pdflatex 2011.7.3)  29 OCT 2012 20:37
entering extended mode
 restricted \write18 enabled.
 %&-line parsing enabled.
**intro.tex
(./intro.tex
LaTeX2e <2009/09/24>
Babel <v3.8l> and hyphenation patterns for english, dumylang, nohyphenation, ge
rman-x-2009-06-19, ngerman-x-2009-06-19, afrikaans, ancientgreek, ibycus, arabi
c, armenian, basque, bulgarian, catalan, pinyin, coptic, croatian, czech, danis
h, dutch, ukenglish, usenglishmax, esperanto, estonian, ethiopic, farsi, finnis
h, french, galician, german, ngerman, swissgerman, monogreek, greek, hungarian,
 icelandic, assamese, bengali, gujarati, hindi, kannada, malayalam, marathi, or
iya, panjabi, tamil, telugu, indonesian, interlingua, irish, italian, kurmanji,
 lao, latin, latvian, lithuanian, mongolian, mongolianlmc, bokmal, nynorsk, pol
ish, portuguese, romanian, russian, sanskrit, serbian, serbianc, slovak, sloven
ian, spanish, swedish, turkish, turkmen, ukrainian, uppersorbian, welsh, loaded
.
(/usr/local/texlive/2011/texmf-dist/tex/latex/base/article.cls
Document Class: article 2007/10/19 v1.4h Standard LaTeX document class
(/usr/local/texlive/2011/texmf-dist/tex/latex/base/size10.clo
File: size10.clo 2007/10/19 v1.4h Standard LaTeX file (size option)
)
\c@part=\count79
\c@section=\count80
\c@subsection=\count81
\c@subsubsection=\count82
\c@paragraph=\count83
\c@subparagraph=\count84
\c@figure=\count85
\c@table=\count86
\abovecaptionskip=\skip41
\belowcaptionskip=\skip42
\bibindent=\dimen102
)
(/usr/local/texlive/2011/texmf-dist/tex/latex/graphics/graphicx.sty
Package: graphicx 1999/02/16 v1.0f Enhanced LaTeX Graphics (DPC,SPQR)

(/usr/local/texlive/2011/texmf-dist/tex/latex/graphics/keyval.sty
Package: keyval 1999/03/16 v1.13 key=value parser (DPC)
\KV@toks@=\toks14
)
(/usr/local/texlive/2011/texmf-dist/tex/latex/graphics/graphics.sty
Package: graphics 2009/02/05 v1.0o Standard LaTeX Graphics (DPC,SPQR)

(/usr/local/texlive/2011/texmf-dist/tex/latex/graphics/trig.sty
Package: trig 1999/03/16 v1.09 sin cos tan (DPC)
)
(/usr/local/texlive/2011/texmf-dist/tex/latex/latexconfig/graphics.cfg
File: graphics.cfg 2010/04/23 v1.9 graphics configuration of TeX Live
)
Package graphics Info: Driver file: pdftex.def on input line 91.

(/usr/local/texlive/2011/texmf-dist/tex/latex/pdftex-def/pdftex.def
File: pdftex.def 2011/05/27 v0.06d Graphics/color for pdfTeX

(/usr/local/texlive/2011/texmf-dist/tex/generic/oberdiek/infwarerr.sty
Package: infwarerr 2010/04/08 v1.3 Providing info/warning/message (HO)
)
(/usr/local/texlive/2011/texmf-dist/tex/generic/oberdiek/ltxcmds.sty
Package: ltxcmds 2011/04/18 v1.20 LaTeX kernel commands for general use (HO)
)
\Gread@gobject=\count87
))
\Gin@req@height=\dimen103
\Gin@req@width=\dimen104
)
(/usr/local/texlive/2011/texmf-dist/tex/latex/graphics/color.sty
Package: color 2005/11/14 v1.0j Standard LaTeX Color (DPC)

(/usr/local/texlive/2011/texmf-dist/tex/latex/latexconfig/color.cfg
File: color.cfg 2007/01/18 v1.5 color configuration of teTeX/TeXLive
)
Package color Info: Driver file: pdftex.def on input line 130.
)
(/Library/Frameworks/R.framework/Resources/share/texmf/tex/latex/upquote.sty
Package: upquote 2003/08/11 v1.1 Covington's upright-quote modification to verb
atim and verb

(/usr/local/texlive/2011/texmf-dist/tex/latex/base/textcomp.sty
Package: textcomp 2005/09/27 v1.99g Standard LaTeX package
Package textcomp Info: Sub-encoding information:
(textcomp)               5 = only ISO-Adobe without \textcurrency
(textcomp)               4 = 5 + \texteuro
(textcomp)               3 = 4 + \textohm
(textcomp)               2 = 3 + \textestimated + \textcurrency
(textcomp)               1 = TS1 - \textcircled - \t
(textcomp)               0 = TS1 (full)
(textcomp)             Font families with sub-encoding setting implement
(textcomp)             only a restricted character set as indicated.
(textcomp)             Family '?' is the default used for unknown fonts.
(textcomp)             See the documentation for details.
Package textcomp Info: Setting ? sub-encoding to TS1/1 on input line 71.

(/usr/local/texlive/2011/texmf-dist/tex/latex/base/ts1enc.def
File: ts1enc.def 2001/06/05 v3.0e (jk/car/fm) Standard LaTeX file
)
LaTeX Info: Redefining \oldstylenums on input line 266.
Package textcomp Info: Setting cmr sub-encoding to TS1/0 on input line 281.
Package textcomp Info: Setting cmss sub-encoding to TS1/0 on input line 282.
Package textcomp Info: Setting cmtt sub-encoding to TS1/0 on input line 283.
Package textcomp Info: Setting cmvtt sub-encoding to TS1/0 on input line 284.
Package textcomp Info: Setting cmbr sub-encoding to TS1/0 on input line 285.
Package textcomp Info: Setting cmtl sub-encoding to TS1/0 on input line 286.
Package textcomp Info: Setting ccr sub-encoding to TS1/0 on input line 287.
Package textcomp Info: Setting ptm sub-encoding to TS1/4 on input line 288.
Package textcomp Info: Setting pcr sub-encoding to TS1/4 on input line 289.
Package textcomp Info: Setting phv sub-encoding to TS1/4 on input line 290.
Package textcomp Info: Setting ppl sub-encoding to TS1/3 on input line 291.
Package textcomp Info: Setting pag sub-encoding to TS1/4 on input line 292.
Package textcomp Info: Setting pbk sub-encoding to TS1/4 on input line 293.
Package textcomp Info: Setting pnc sub-encoding to TS1/4 on input line 294.
Package textcomp Info: Setting pzc sub-encoding to TS1/4 on input line 295.
Package textcomp Info: Setting bch sub-encoding to TS1/4 on input line 296.
Package textcomp Info: Setting put sub-encoding to TS1/5 on input line 297.
Package textcomp Info: Setting uag sub-encoding to TS1/5 on input line 298.
Package textcomp Info: Setting ugq sub-encoding to TS1/5 on input line 299.
Package textcomp Info: Setting ul8 sub-encoding to TS1/4 on input line 300.
Package textcomp Info: Setting ul9 sub-encoding to TS1/4 on input line 301.
Package textcomp Info: Setting augie sub-encoding to TS1/5 on input line 302.
Package textcomp Info: Setting dayrom sub-encoding to TS1/3 on input line 303.
Package textcomp Info: Setting dayroms sub-encoding to TS1/3 on input line 304.

Package textcomp Info: Setting pxr sub-encoding to TS1/0 on input line 305.
Package textcomp Info: Setting pxss sub-encoding to TS1/0 on input line 306.
Package textcomp Info: Setting pxtt sub-encoding to TS1/0 on input line 307.
Package textcomp Info: Setting txr sub-encoding to TS1/0 on input line 308.
Package textcomp Info: Setting txss sub-encoding to TS1/0 on input line 309.
Package textcomp Info: Setting txtt sub-encoding to TS1/0 on input line 310.
Package textcomp Info: Setting futs sub-encoding to TS1/4 on input line 311.
Package textcomp Info: Setting futx sub-encoding to TS1/4 on input line 312.
Package textcomp Info: Setting futj sub-encoding to TS1/4 on input line 313.
Package textcomp Info: Setting hlh sub-encoding to TS1/3 on input line 314.
Package textcomp Info: Setting hls sub-encoding to TS1/3 on input line 315.
Package textcomp Info: Setting hlst sub-encoding to TS1/3 on input line 316.
Package textcomp Info: Setting hlct sub-encoding to TS1/5 on input line 317.
Package textcomp Info: Setting hlx sub-encoding to TS1/5 on input line 318.
Package textcomp Info: Setting hlce sub-encoding to TS1/5 on input line 319.
Package textcomp Info: Setting hlcn sub-encoding to TS1/5 on input line 320.
Package textcomp Info: Setting hlcw sub-encoding to TS1/5 on input line 321.
Package textcomp Info: Setting hlcf sub-encoding to TS1/5 on input line 322.
Package textcomp Info: Setting pplx sub-encoding to TS1/3 on input line 323.
Package textcomp Info: Setting pplj sub-encoding to TS1/3 on input line 324.
Package textcomp Info: Setting ptmx sub-encoding to TS1/4 on input line 325.
Package textcomp Info: Setting ptmj sub-encoding to TS1/4 on input line 326.
))
\hlnormalsizeboxclosebrace=\box26
\hlnormalsizeboxopenbrace=\box27
\hlnormalsizeboxbackslash=\box28
\hlnormalsizeboxlessthan=\box29
\hlnormalsizeboxgreaterthan=\box30
\hlnormalsizeboxdollar=\box31
\hlnormalsizeboxunderscore=\box32
\hlnormalsizeboxand=\box33
\hlnormalsizeboxhash=\box34
\hlnormalsizeboxat=\box35
\hlnormalsizeboxpercent=\box36
\hlnormalsizeboxhat=\box37
\hlnormalsizeboxsinglequote=\box38
\hlnormalsizeboxbacktick=\box39
LaTeX Font Info:    Try loading font information for TS1+cmtt on input line 50.


(/usr/local/texlive/2011/texmf-dist/tex/latex/base/ts1cmtt.fd
File: ts1cmtt.fd 1999/05/25 v2.5h Standard LaTeX font definitions
)
\hltinyboxclosebrace=\box40
\hltinyboxopenbrace=\box41
\hltinyboxbackslash=\box42
\hltinyboxlessthan=\box43
\hltinyboxgreaterthan=\box44
\hltinyboxdollar=\box45
\hltinyboxunderscore=\box46
\hltinyboxand=\box47
\hltinyboxhash=\box48
\hltinyboxat=\box49
\hltinyboxpercent=\box50
\hltinyboxhat=\box51
\hltinyboxsinglequote=\box52
\hltinyboxbacktick=\box53
\hlscriptsizeboxclosebrace=\box54
\hlscriptsizeboxopenbrace=\box55
\hlscriptsizeboxbackslash=\box56
\hlscriptsizeboxlessthan=\box57
\hlscriptsizeboxgreaterthan=\box58
\hlscriptsizeboxdollar=\box59
\hlscriptsizeboxunderscore=\box60
\hlscriptsizeboxand=\box61
\hlscriptsizeboxhash=\box62
\hlscriptsizeboxat=\box63
\hlscriptsizeboxpercent=\box64
\hlscriptsizeboxhat=\box65
\hlscriptsizeboxsinglequote=\box66
\hlscriptsizeboxbacktick=\box67
\hlfootnotesizeboxclosebrace=\box68
\hlfootnotesizeboxopenbrace=\box69
\hlfootnotesizeboxbackslash=\box70
\hlfootnotesizeboxlessthan=\box71
\hlfootnotesizeboxgreaterthan=\box72
\hlfootnotesizeboxdollar=\box73
\hlfootnotesizeboxunderscore=\box74
\hlfootnotesizeboxand=\box75
\hlfootnotesizeboxhash=\box76
\hlfootnotesizeboxat=\box77
\hlfootnotesizeboxpercent=\box78
\hlfootnotesizeboxhat=\box79
\hlfootnotesizeboxsinglequote=\box80
\hlfootnotesizeboxbacktick=\box81
\hlsmallboxclosebrace=\box82
\hlsmallboxopenbrace=\box83
\hlsmallboxbackslash=\box84
\hlsmallboxlessthan=\box85
\hlsmallboxgreaterthan=\box86
\hlsmallboxdollar=\box87
\hlsmallboxunderscore=\box88
\hlsmallboxand=\box89
\hlsmallboxhash=\box90
\hlsmallboxat=\box91
\hlsmallboxpercent=\box92
\hlsmallboxhat=\box93
\hlsmallboxsinglequote=\box94
\hlsmallboxbacktick=\box95
\hllargeboxclosebrace=\box96
\hllargeboxopenbrace=\box97
\hllargeboxbackslash=\box98
\hllargeboxlessthan=\box99
\hllargeboxgreaterthan=\box100
\hllargeboxdollar=\box101
\hllargeboxunderscore=\box102
\hllargeboxand=\box103
\hllargeboxhash=\box104
\hllargeboxat=\box105
\hllargeboxpercent=\box106
\hllargeboxhat=\box107
\hllargeboxsinglequote=\box108
\hllargeboxbacktick=\box109
\hlLargeboxclosebrace=\box110
\hlLargeboxopenbrace=\box111
\hlLargeboxbackslash=\box112
\hlLargeboxlessthan=\box113
\hlLargeboxgreaterthan=\box114
\hlLargeboxdollar=\box115
\hlLargeboxunderscore=\box116
\hlLargeboxand=\box117
\hlLargeboxhash=\box118
\hlLargeboxat=\box119
\hlLargeboxpercent=\box120
\hlLargeboxhat=\box121
\hlLargeboxsinglequote=\box122
\hlLargeboxbacktick=\box123
\hlLARGEboxclosebrace=\box124
\hlLARGEboxopenbrace=\box125
\hlLARGEboxbackslash=\box126
\hlLARGEboxlessthan=\box127
\hlLARGEboxgreaterthan=\box128
\hlLARGEboxdollar=\box129
\hlLARGEboxunderscore=\box130
\hlLARGEboxand=\box131
\hlLARGEboxhash=\box132
\hlLARGEboxat=\box133
\hlLARGEboxpercent=\box134
\hlLARGEboxhat=\box135
\hlLARGEboxsinglequote=\box136
\hlLARGEboxbacktick=\box137
\hlhugeboxclosebrace=\box138
\hlhugeboxopenbrace=\box139
\hlhugeboxbackslash=\box140
\hlhugeboxlessthan=\box141
\hlhugeboxgreaterthan=\box142
\hlhugeboxdollar=\box143
\hlhugeboxunderscore=\box144
\hlhugeboxand=\box145
\hlhugeboxhash=\box146
\hlhugeboxat=\box147
\hlhugeboxpercent=\box148
\hlhugeboxhat=\box149
\hlhugeboxsinglequote=\box150
\hlhugeboxbacktick=\box151
\hlHugeboxclosebrace=\box152
\hlHugeboxopenbrace=\box153
\hlHugeboxbackslash=\box154
\hlHugeboxlessthan=\box155
\hlHugeboxgreaterthan=\box156
\hlHugeboxdollar=\box157
\hlHugeboxunderscore=\box158
\hlHugeboxand=\box159
\hlHugeboxhash=\box160
\hlHugeboxat=\box161
\hlHugeboxpercent=\box162
\hlHugeboxhat=\box163
\hlHugeboxsinglequote=\box164
\hlHugeboxbacktick=\box165

(/usr/local/texlive/2011/texmf-dist/tex/latex/framed/framed.sty
Package: framed 2007/10/04 v 0.95: framed or shaded text with page breaks
\fb@frw=\dimen105
\fb@frh=\dimen106
\FrameRule=\dimen107
\FrameSep=\dimen108
)
(/usr/local/texlive/2011/texmf-dist/tex/latex/geometry/geometry.sty
Package: geometry 2010/09/12 v5.6 Page Geometry

(/usr/local/texlive/2011/texmf-dist/tex/generic/oberdiek/ifpdf.sty
Package: ifpdf 2011/01/30 v2.3 Provides the ifpdf switch (HO)
Package ifpdf Info: pdfTeX in PDF mode is detected.
)
(/usr/local/texlive/2011/texmf-dist/tex/generic/oberdiek/ifvtex.sty
Package: ifvtex 2010/03/01 v1.5 Switches for detecting VTeX and its modes (HO)
Package ifvtex Info: VTeX not detected.
)
(/usr/local/texlive/2011/texmf-dist/tex/generic/ifxetex/ifxetex.sty
Package: ifxetex 2010/09/12 v0.6 Provides ifxetex conditional
)
\Gm@cnth=\count88
\Gm@cntv=\count89
\c@Gm@tempcnt=\count90
\Gm@bindingoffset=\dimen109
\Gm@wd@mp=\dimen110
\Gm@odd@mp=\dimen111
\Gm@even@mp=\dimen112
\Gm@layoutwidth=\dimen113
\Gm@layoutheight=\dimen114
\Gm@layouthoffset=\dimen115
\Gm@layoutvoffset=\dimen116
\Gm@dimlist=\toks15
)
(/usr/local/texlive/2011/texmf-dist/tex/latex/tools/verbatim.sty
Package: verbatim 2003/08/22 v1.5q LaTeX2e package for verbatim enhancements
\every@verbatim=\toks16
\verbatim@line=\toks17
\verbatim@in@stream=\read1
)
(/usr/local/texlive/2011/texmf-dist/tex/latex/amsmath/amsmath.sty
Package: amsmath 2000/07/18 v2.13 AMS math features
\@mathmargin=\skip43

For additional information on amsmath, use the `?' option.
(/usr/local/texlive/2011/texmf-dist/tex/latex/amsmath/amstext.sty
Package: amstext 2000/06/29 v2.01

(/usr/local/texlive/2011/texmf-dist/tex/latex/amsmath/amsgen.sty
File: amsgen.sty 1999/11/30 v2.0
\@emptytoks=\toks18
\ex@=\dimen117
))
(/usr/local/texlive/2011/texmf-dist/tex/latex/amsmath/amsbsy.sty
Package: amsbsy 1999/11/29 v1.2d
\pmbraise@=\dimen118
)
(/usr/local/texlive/2011/texmf-dist/tex/latex/amsmath/amsopn.sty
Package: amsopn 1999/12/14 v2.01 operator names
)
\inf@bad=\count91
LaTeX Info: Redefining \frac on input line 211.
\uproot@=\count92
\leftroot@=\count93
LaTeX Info: Redefining \overline on input line 307.
\classnum@=\count94
\DOTSCASE@=\count95
LaTeX Info: Redefining \ldots on input line 379.
LaTeX Info: Redefining \dots on input line 382.
LaTeX Info: Redefining \cdots on input line 467.
\Mathstrutbox@=\box166
\strutbox@=\box167
\big@size=\dimen119
LaTeX Font Info:    Redeclaring font encoding OML on input line 567.
LaTeX Font Info:    Redeclaring font encoding OMS on input line 568.
\macc@depth=\count96
\c@MaxMatrixCols=\count97
\dotsspace@=\muskip10
\c@parentequation=\count98
\dspbrk@lvl=\count99
\tag@help=\toks19
\row@=\count100
\column@=\count101
\maxfields@=\count102
\andhelp@=\toks20
\eqnshift@=\dimen120
\alignsep@=\dimen121
\tagshift@=\dimen122
\tagwidth@=\dimen123
\totwidth@=\dimen124
\lineht@=\dimen125
\@envbody=\toks21
\multlinegap=\skip44
\multlinetaggap=\skip45
\mathdisplay@stack=\toks22
LaTeX Info: Redefining \[ on input line 2666.
LaTeX Info: Redefining \] on input line 2667.
)
(/usr/local/texlive/2011/texmf-dist/tex/latex/amscls/amsthm.sty
Package: amsthm 2009/07/02 v2.20.1
\thm@style=\toks23
\thm@bodyfont=\toks24
\thm@headfont=\toks25
\thm@notefont=\toks26
\thm@headpunct=\toks27
\thm@preskip=\skip46
\thm@postskip=\skip47
\thm@headsep=\skip48
\dth@everypar=\toks28
)
(/usr/local/texlive/2011/texmf-dist/tex/latex/amsfonts/amssymb.sty
Package: amssymb 2009/06/22 v3.00

(/usr/local/texlive/2011/texmf-dist/tex/latex/amsfonts/amsfonts.sty
Package: amsfonts 2009/06/22 v3.00 Basic AMSFonts support
\symAMSa=\mathgroup4
\symAMSb=\mathgroup5
LaTeX Font Info:    Overwriting math alphabet `\mathfrak' in version `bold'
(Font)                  U/euf/m/n --> U/euf/b/n on input line 96.
))
(/usr/local/texlive/2011/texmf-dist/tex/latex/psnfss/mathpazo.sty
Package: mathpazo 2005/04/12 PSNFSS-v9.2a Palatino w/ Pazo Math (D.Puga, WaS) 
\symupright=\mathgroup6
)
(/usr/local/texlive/2011/texmf-dist/tex/latex/psnfss/helvet.sty
Package: helvet 2005/04/12 PSNFSS-v9.2a (WaS) 
)
(/usr/local/texlive/2011/texmf-dist/tex/latex/psnfss/courier.sty
Package: courier 2005/04/12 PSNFSS-v9.2a (WaS) 
)
LaTeX Font Info:    Try loading font information for OT1+ppl on input line 393.


(/usr/local/texlive/2011/texmf-dist/tex/latex/psnfss/ot1ppl.fd
File: ot1ppl.fd 2001/06/04 font definitions for OT1/ppl.
)
(/usr/local/texlive/2011/texmf-dist/tex/latex/base/fontenc.sty
Package: fontenc 2005/09/27 v1.99g Standard LaTeX package

(/usr/local/texlive/2011/texmf-dist/tex/latex/base/t1enc.def
File: t1enc.def 2005/09/27 v1.99g Standard LaTeX file
LaTeX Font Info:    Redeclaring font encoding T1 on input line 43.
)
LaTeX Font Info:    Try loading font information for T1+ppl on input line 100.

(/usr/local/texlive/2011/texmf-dist/tex/latex/psnfss/t1ppl.fd
File: t1ppl.fd 2001/06/04 font definitions for T1/ppl.
)) (./intro.aux)
\openout1 = `intro.aux'.

LaTeX Font Info:    Checking defaults for OML/cmm/m/it on input line 398.
LaTeX Font Info:    ... okay on input line 398.
LaTeX Font Info:    Checking defaults for T1/cmr/m/n on input line 398.
LaTeX Font Info:    ... okay on input line 398.
LaTeX Font Info:    Checking defaults for OT1/cmr/m/n on input line 398.
LaTeX Font Info:    ... okay on input line 398.
LaTeX Font Info:    Checking defaults for OMS/cmsy/m/n on input line 398.
LaTeX Font Info:    ... okay on input line 398.
LaTeX Font Info:    Checking defaults for OMX/cmex/m/n on input line 398.
LaTeX Font Info:    ... okay on input line 398.
LaTeX Font Info:    Checking defaults for U/cmr/m/n on input line 398.
LaTeX Font Info:    ... okay on input line 398.
LaTeX Font Info:    Checking defaults for TS1/cmr/m/n on input line 398.
LaTeX Font Info:    Try loading font information for TS1+cmr on input line 398.


(/usr/local/texlive/2011/texmf-dist/tex/latex/base/ts1cmr.fd
File: ts1cmr.fd 1999/05/25 v2.5h Standard LaTeX font definitions
)
LaTeX Font Info:    ... okay on input line 398.

(/usr/local/texlive/2011/texmf-dist/tex/context/base/supp-pdf.mkii
[Loading MPS to PDF converter (version 2006.09.02).]
\scratchcounter=\count103
\scratchdimen=\dimen126
\scratchbox=\box168
\nofMPsegments=\count104
\nofMParguments=\count105
\everyMPshowfont=\toks29
\MPscratchCnt=\count106
\MPscratchDim=\dimen127
\MPnumerator=\count107
\makeMPintoPDFobject=\count108
\everyMPtoPDFconversion=\toks30
) (/usr/local/texlive/2011/texmf-dist/tex/generic/oberdiek/pdftexcmds.sty
Package: pdftexcmds 2011/04/22 v0.16 Utilities of pdfTeX for LuaTeX (HO)

(/usr/local/texlive/2011/texmf-dist/tex/generic/oberdiek/ifluatex.sty
Package: ifluatex 2010/03/01 v1.3 Provides the ifluatex switch (HO)
Package ifluatex Info: LuaTeX not detected.
)
Package pdftexcmds Info: LuaTeX not detected.
Package pdftexcmds Info: \pdf@primitive is available.
Package pdftexcmds Info: \pdf@ifprimitive is available.
Package pdftexcmds Info: \pdfdraftmode found.
)
(/usr/local/texlive/2011/texmf-dist/tex/latex/oberdiek/epstopdf-base.sty
Package: epstopdf-base 2010/02/09 v2.5 Base part for package epstopdf

(/usr/local/texlive/2011/texmf-dist/tex/latex/oberdiek/grfext.sty
Package: grfext 2010/08/19 v1.1 Managing graphics extensions (HO)

(/usr/local/texlive/2011/texmf-dist/tex/generic/oberdiek/kvdefinekeys.sty
Package: kvdefinekeys 2011/04/07 v1.3 Defining keys (HO)
))
(/usr/local/texlive/2011/texmf-dist/tex/latex/oberdiek/kvoptions.sty
Package: kvoptions 2010/12/23 v3.10 Keyval support for LaTeX options (HO)

(/usr/local/texlive/2011/texmf-dist/tex/generic/oberdiek/kvsetkeys.sty
Package: kvsetkeys 2011/04/07 v1.13 Key value parser (HO)

(/usr/local/texlive/2011/texmf-dist/tex/generic/oberdiek/etexcmds.sty
Package: etexcmds 2011/02/16 v1.5 Prefix for e-TeX command names (HO)
Package etexcmds Info: Could not find \expanded.
(etexcmds)             That can mean that you are not using pdfTeX 1.50 or
(etexcmds)             that some package has redefined \expanded.
(etexcmds)             In the latter case, load this package earlier.
)))
Package grfext Info: Graphics extension search list:
(grfext)             [.png,.pdf,.jpg,.mps,.jpeg,.jbig2,.jb2,.PNG,.PDF,.JPG,.JPE
G,.JBIG2,.JB2,.eps]
(grfext)             \AppendGraphicsExtensions on input line 452.

(/usr/local/texlive/2011/texmf-dist/tex/latex/latexconfig/epstopdf-sys.cfg
File: epstopdf-sys.cfg 2010/07/13 v1.3 Configuration of (r)epstopdf for TeX Liv
e
))
*geometry* driver: auto-detecting
*geometry* detected driver: pdftex
*geometry* verbose mode - [ preamble ] result:
* driver: pdftex
* paper: <default>
* layout: <same size as paper>
* layoutoffset:(h,v)=(0.0pt,0.0pt)
* modes: 
* h-part:(L,W,R)=(79.49689pt, 455.30121pt, 79.4969pt)
* v-part:(T,H,B)=(72.26999pt, 650.43pt, 72.27pt)
* \paperwidth=614.295pt
* \paperheight=794.96999pt
* \textwidth=455.30121pt
* \textheight=650.43pt
* \oddsidemargin=7.2269pt
* \evensidemargin=7.2269pt
* \topmargin=-37.0pt
* \headheight=12.0pt
* \headsep=25.0pt
* \topskip=10.0pt
* \footskip=30.0pt
* \marginparwidth=65.0pt
* \marginparsep=11.0pt
* \columnsep=10.0pt
* \skip\footins=9.0pt plus 4.0pt minus 2.0pt
* \hoffset=0.0pt
* \voffset=0.0pt
* \mag=1000
* \@twocolumnfalse
* \@twosidefalse
* \@mparswitchfalse
* \@reversemarginfalse
* (1in=72.27pt=25.4mm, 1cm=28.453pt)

LaTeX Font Info:    Try loading font information for OML+zplm on input line 400
.
(/usr/local/texlive/2011/texmf-dist/tex/latex/psnfss/omlzplm.fd
File: omlzplm.fd 2002/09/08 Fontinst v1.914 font definitions for OML/zplm.
)
LaTeX Font Info:    Try loading font information for OMS+zplm on input line 400
.

(/usr/local/texlive/2011/texmf-dist/tex/latex/psnfss/omszplm.fd
File: omszplm.fd 2002/09/08 Fontinst v1.914 font definitions for OMS/zplm.
)
LaTeX Font Info:    Try loading font information for OMX+zplm on input line 400
.

(/usr/local/texlive/2011/texmf-dist/tex/latex/psnfss/omxzplm.fd
File: omxzplm.fd 2002/09/08 Fontinst v1.914 font definitions for OMX/zplm.
)
LaTeX Font Info:    Font shape `U/msa/m/n' will be
(Font)              scaled to size 12.50409pt on input line 400.
LaTeX Font Info:    Font shape `U/msa/m/n' will be
(Font)              scaled to size 9.37807pt on input line 400.
LaTeX Font Info:    Font shape `U/msa/m/n' will be
(Font)              scaled to size 7.29405pt on input line 400.
LaTeX Font Info:    Font shape `U/msb/m/n' will be
(Font)              scaled to size 12.50409pt on input line 400.
LaTeX Font Info:    Font shape `U/msb/m/n' will be
(Font)              scaled to size 9.37807pt on input line 400.
LaTeX Font Info:    Font shape `U/msb/m/n' will be
(Font)              scaled to size 7.29405pt on input line 400.
LaTeX Font Info:    Try loading font information for OT1+zplm on input line 400
.

(/usr/local/texlive/2011/texmf-dist/tex/latex/psnfss/ot1zplm.fd
File: ot1zplm.fd 2002/09/08 Fontinst v1.914 font definitions for OT1/zplm.
)
LaTeX Font Info:    Try loading font information for T1+pcr on input line 402.

(/usr/local/texlive/2011/texmf-dist/tex/latex/psnfss/t1pcr.fd
File: t1pcr.fd 2001/06/04 font definitions for T1/pcr.
)
Package color Info: Redefining color shadecolor on input line 405.
LaTeX Font Info:    Font shape `T1/pcr/bx/n' in size <10> not available
(Font)              Font shape `T1/pcr/b/n' tried instead on input line 409.
 [1

{/usr/local/texlive/2011/texmf-var/fonts/map/pdftex/updmap/pdftex.map}] [2]
Package color Info: Redefining color shadecolor on input line 446.
 [3]
LaTeX Font Info:    Font shape `U/msa/m/n' will be
(Font)              scaled to size 10.42007pt on input line 537.
LaTeX Font Info:    Font shape `U/msa/m/n' will be
(Font)              scaled to size 7.91925pt on input line 537.
LaTeX Font Info:    Font shape `U/msa/m/n' will be
(Font)              scaled to size 6.25204pt on input line 537.
LaTeX Font Info:    Font shape `U/msb/m/n' will be
(Font)              scaled to size 10.42007pt on input line 537.
LaTeX Font Info:    Font shape `U/msb/m/n' will be
(Font)              scaled to size 7.91925pt on input line 537.
LaTeX Font Info:    Font shape `U/msb/m/n' will be
(Font)              scaled to size 6.25204pt on input line 537.
LaTeX Font Info:    Font shape `T1/ppl/bx/n' in size <12> not available
(Font)              Font shape `T1/ppl/b/n' tried instead on input line 542.
Package color Info: Redefining color shadecolor on input line 546.
 [4]
Package color Info: Redefining color shadecolor on input line 588.

<figure/SpatVarBeta.pdf, id=23, 505.89pt x 289.08pt>
File: figure/SpatVarBeta.pdf Graphic file (type pdf)

<use figure/SpatVarBeta.pdf>
Package pdftex.def Info: figure/SpatVarBeta.pdf used on input line 613.
(pdftex.def)             Requested size: 505.88875pt x 289.07928pt.

Overfull \hbox (65.58754pt too wide) in paragraph at lines 613--615
[][]
 []

[5]
LaTeX Font Info:    Try loading font information for TS1+ppl on input line 626.

 (/usr/local/texlive/2011/texmf-dist/tex/latex/psnfss/ts1ppl.fd
File: ts1ppl.fd 2001/06/04 font definitions for TS1/ppl.
)
LaTeX Font Info:    Font shape `T1/ppl/bx/n' in size <14.4> not available
(Font)              Font shape `T1/ppl/b/n' tried instead on input line 632.
 [6 <./figure/SpatVarBeta.pdf>]
LaTeX Font Info:    Font shape `U/msa/m/n' will be
(Font)              scaled to size 8.33606pt on input line 688.
LaTeX Font Info:    Font shape `U/msb/m/n' will be
(Font)              scaled to size 8.33606pt on input line 688.
LaTeX Font Info:    Font shape `T1/ppl/bx/n' in size <8> not available
(Font)              Font shape `T1/ppl/b/n' tried instead on input line 688.
 [7]
Package color Info: Redefining color shadecolor on input line 722.
 [8]
Package color Info: Redefining color shadecolor on input line 757.
 [9]
Package color Info: Redefining color shadecolor on input line 816.


LaTeX Warning: No positions in optional float specifier.
               Default added (so using `tbp') on input line 855.

<figure/beanplots.pdf, id=50, 433.62pt x 578.16pt>
File: figure/beanplots.pdf Graphic file (type pdf)
 <use figure/beanplots.pdf>
Package pdftex.def Info: figure/beanplots.pdf used on input line 856.
(pdftex.def)             Requested size: 433.61894pt x 578.15858pt.

[10] [11 <./figure/beanplots.pdf>]
Package color Info: Redefining color shadecolor on input line 869.

Overfull \vbox (0.25851pt too high) detected at line 924
 []

[12] <figure/MegaFig1.pdf, id=71, 505.89pt x 505.89pt>
File: figure/MegaFig1.pdf Graphic file (type pdf)

<use figure/MegaFig1.pdf>
Package pdftex.def Info: figure/MegaFig1.pdf used on input line 926.
(pdftex.def)             Requested size: 409.7683pt x 409.77637pt.
 [13 <./figure/MegaFig1.pdf>]
<figure/MegaFig2.pdf, id=80, 505.89pt x 505.89pt>
File: figure/MegaFig2.pdf Graphic file (type pdf)
 <use figure/MegaFig2.pdf>
Package pdftex.def Info: figure/MegaFig2.pdf used on input line 962.
(pdftex.def)             Requested size: 409.7683pt x 409.77637pt.

[14] [15 <./figure/MegaFig2.pdf>] [16] (./intro.aux) ) 
Here is how much of TeX's memory you used:
 4227 strings out of 493633
 58307 string characters out of 3143378
 126311 words of memory out of 3000000
 7375 multiletter control sequences out of 15000+200000
 60911 words of font info for 163 fonts, out of 3000000 for 9000
 831 hyphenation exceptions out of 8191
 38i,12n,24p,675b,244s stack positions out of 5000i,500n,10000p,200000b,50000s
{/usr/local/texlive/2011/
texmf-dist/fonts/enc/dvips/base/8r.enc}</usr/local/texlive/2011/texmf-dist/font
s/type1/public/amsfonts/cm/cmex10.pfb></usr/local/texlive/2011/texmf-dist/fonts
/type1/public/amsfonts/cm/cmmi10.pfb></usr/local/texlive/2011/texmf-dist/fonts/
type1/public/amsfonts/cm/cmr10.pfb></usr/local/texlive/2011/texmf-dist/fonts/ty
pe1/public/amsfonts/cm/cmsy10.pfb></usr/local/texlive/2011/texmf-dist/fonts/typ
e1/public/amsfonts/cm/cmtt10.pfb></usr/local/texlive/2011/texmf-dist/fonts/type
1/public/mathpazo/fplmr.pfb></usr/local/texlive/2011/texmf-dist/fonts/type1/pub
lic/mathpazo/fplmri.pfb></usr/local/texlive/2011/texmf-dist/fonts/type1/urw/cou
rier/ucrb8a.pfb></usr/local/texlive/2011/texmf-dist/fonts/type1/urw/courier/ucr
r8a.pfb></usr/local/texlive/2011/texmf-dist/fonts/type1/urw/palatino/uplb8a.pfb
></usr/local/texlive/2011/texmf-dist/fonts/type1/urw/palatino/uplr8a.pfb></usr/
local/texlive/2011/texmf-dist/fonts/type1/urw/palatino/uplri8a.pfb>
Output written on intro.pdf (16 pages, 1198157 bytes).
PDF statistics:
 135 PDF objects out of 1000 (max. 8388607)
 99 compressed objects within 1 object stream
 0 named destinations out of 1000 (max. 500000)
 21 words of extra memory for PDF output out of 10000 (max. 10000000)

