This is pdfTeX, Version 3.1415926-2.5-1.40.14 (TeX Live 2013) (format=pdflatex 2013.5.30)  22 NOV 2013 14:42
entering extended mode
 restricted \write18 enabled.
 %&-line parsing enabled.
**MixedGWRDraft.tex
(./MixedGWRDraft.tex
LaTeX2e <2011/06/27>
Babel <3.9f> and hyphenation patterns for 78 languages loaded.
(/usr/local/texlive/2013/texmf-dist/tex/latex/base/article.cls
Document Class: article 2007/10/19 v1.4h Standard LaTeX document class
(/usr/local/texlive/2013/texmf-dist/tex/latex/base/size10.clo
File: size10.clo 2007/10/19 v1.4h Standard LaTeX file (size option)
)
\c@part=\count79
\c@section=\count80
\c@subsection=\count81
\c@subsubsection=\count82
\c@paragraph=\count83
\c@subparagraph=\count84
\c@figure=\count85
\c@table=\count86
\abovecaptionskip=\skip41
\belowcaptionskip=\skip42
\bibindent=\dimen102
)
(/usr/local/texlive/2013/texmf-dist/tex/latex/graphics/graphicx.sty
Package: graphicx 1999/02/16 v1.0f Enhanced LaTeX Graphics (DPC,SPQR)

(/usr/local/texlive/2013/texmf-dist/tex/latex/graphics/keyval.sty
Package: keyval 1999/03/16 v1.13 key=value parser (DPC)
\KV@toks@=\toks14
)
(/usr/local/texlive/2013/texmf-dist/tex/latex/graphics/graphics.sty
Package: graphics 2009/02/05 v1.0o Standard LaTeX Graphics (DPC,SPQR)

(/usr/local/texlive/2013/texmf-dist/tex/latex/graphics/trig.sty
Package: trig 1999/03/16 v1.09 sin cos tan (DPC)
)
(/usr/local/texlive/2013/texmf-dist/tex/latex/latexconfig/graphics.cfg
File: graphics.cfg 2010/04/23 v1.9 graphics configuration of TeX Live
)
Package graphics Info: Driver file: pdftex.def on input line 91.

(/usr/local/texlive/2013/texmf-dist/tex/latex/pdftex-def/pdftex.def
File: pdftex.def 2011/05/27 v0.06d Graphics/color for pdfTeX

(/usr/local/texlive/2013/texmf-dist/tex/generic/oberdiek/infwarerr.sty
Package: infwarerr 2010/04/08 v1.3 Providing info/warning/error messages (HO)
)
(/usr/local/texlive/2013/texmf-dist/tex/generic/oberdiek/ltxcmds.sty
Package: ltxcmds 2011/11/09 v1.22 LaTeX kernel commands for general use (HO)
)
\Gread@gobject=\count87
))
\Gin@req@height=\dimen103
\Gin@req@width=\dimen104
)
(/usr/local/texlive/2013/texmf-dist/tex/latex/graphics/color.sty
Package: color 2005/11/14 v1.0j Standard LaTeX Color (DPC)

(/usr/local/texlive/2013/texmf-dist/tex/latex/latexconfig/color.cfg
File: color.cfg 2007/01/18 v1.5 color configuration of teTeX/TeXLive
)
Package color Info: Driver file: pdftex.def on input line 130.
)
(/usr/local/texlive/2013/texmf-dist/tex/latex/framed/framed.sty
Package: framed 2011/10/22 v 0.96: framed or shaded text with page breaks
\OuterFrameSep=\skip43
\fb@frw=\dimen105
\fb@frh=\dimen106
\FrameRule=\dimen107
\FrameSep=\dimen108
)
(/usr/local/texlive/2013/texmf-dist/tex/latex/base/alltt.sty
Package: alltt 1997/06/16 v2.0g defines alltt environment
)
(/usr/local/texlive/2013/texmf-dist/tex/latex/animate/animate.sty
Package: animate 2013/04/23 PDF animations from files and inline graphics

(/usr/local/texlive/2013/texmf-dist/tex/latex/base/ifthen.sty
Package: ifthen 2001/05/26 v1.1c Standard LaTeX ifthen package (DPC)
)
(/usr/local/texlive/2013/texmf-dist/tex/generic/oberdiek/ifpdf.sty
Package: ifpdf 2011/01/30 v2.3 Provides the ifpdf switch (HO)
Package ifpdf Info: pdfTeX in PDF mode is detected.
)
(/usr/local/texlive/2013/texmf-dist/tex/latex/oberdiek/ifdraft.sty
Package: ifdraft 2008/08/11 v1.3 Detect class options draft and final (HO)
)
(/usr/local/texlive/2013/texmf-dist/tex/latex/tools/calc.sty
Package: calc 2007/08/22 v4.3 Infix arithmetic (KKT,FJ)
\calc@Acount=\count88
\calc@Bcount=\count89
\calc@Adimen=\dimen109
\calc@Bdimen=\dimen110
\calc@Askip=\skip44
\calc@Bskip=\skip45
LaTeX Info: Redefining \setlength on input line 76.
LaTeX Info: Redefining \addtolength on input line 77.
\calc@Ccount=\count90
\calc@Cskip=\skip46
)
(/usr/local/texlive/2013/texmf-dist/tex/latex/animate/animfp.sty
Package: animfp 2009/07/23 fixed point addition for animate.sty
\afp@xs=\count91
\afp@xia=\count92
\afp@xib=\count93
\afp@xfa=\count94
\afp@xfb=\count95
\afp@rega=\count96
\afp@regb=\count97
\afp@regs=\count98
)
(/usr/local/texlive/2013/texmf-dist/tex/context/base/supp-pdf.mkii
[Loading MPS to PDF converter (version 2006.09.02).]
\scratchcounter=\count99
\scratchdimen=\dimen111
\scratchbox=\box26
\nofMPsegments=\count100
\nofMParguments=\count101
\everyMPshowfont=\toks15
\MPscratchCnt=\count102
\MPscratchDim=\dimen112
\MPnumerator=\count103
\makeMPintoPDFobject=\count104
\everyMPtoPDFconversion=\toks16
)
\@anim@@fields=\count105
\@anim@@ocgs=\count106
\@anim@@offocgs=\count107
\@anim@box=\box27
\@anim@tmpdima=\dimen113
\@anim@tmpdimb=\dimen114
\@anim@num=\count108
\@anim@curframe=\count109
\@anim@curframe@zb=\count110
\@anim@resize=\count111
\@anim@skipfram=\count112
\@anim@mulframecnt=\count113
\@anim@@tmlnfile=\read1
\@anim@tmpcnt=\count114
\c@@anim@ltxcnt=\count115
\@anim@curlayer=\count116
\@anim@lineno=\count117
\@anim@curfield=\count118
\@anim@begin=\toks17
\@anim@end=\toks18
) (/usr/local/texlive/2013/texmf-dist/tex/latex/natbib/natbib.sty
Package: natbib 2010/09/13 8.31b (PWD, AO)
\bibhang=\skip47
\bibsep=\skip48
LaTeX Info: Redefining \cite on input line 694.
\c@NAT@ctr=\count119
)
(/usr/local/texlive/2013/texmf-dist/tex/latex/endfloat/endfloat.sty
Package: endfloat 2011/12/25 v2.5d LaTeX2e package puts figures and tables at e
nd (jdm)
\c@postfigure=\count120
\efloat@postfff=\write3
\@ef@fffopen=\count121
\c@posttable=\count122
\efloat@postttt=\write4
\@ef@tttopen=\count123
)
(/usr/local/texlive/2013/texmf-dist/tex/latex/geometry/geometry.sty
Package: geometry 2010/09/12 v5.6 Page Geometry

(/usr/local/texlive/2013/texmf-dist/tex/generic/oberdiek/ifvtex.sty
Package: ifvtex 2010/03/01 v1.5 Detect VTeX and its facilities (HO)
Package ifvtex Info: VTeX not detected.
)
(/usr/local/texlive/2013/texmf-dist/tex/generic/ifxetex/ifxetex.sty
Package: ifxetex 2010/09/12 v0.6 Provides ifxetex conditional
)
\Gm@cnth=\count124
\Gm@cntv=\count125
\c@Gm@tempcnt=\count126
\Gm@bindingoffset=\dimen115
\Gm@wd@mp=\dimen116
\Gm@odd@mp=\dimen117
\Gm@even@mp=\dimen118
\Gm@layoutwidth=\dimen119
\Gm@layoutheight=\dimen120
\Gm@layouthoffset=\dimen121
\Gm@layoutvoffset=\dimen122
\Gm@dimlist=\toks19
)
(/usr/local/texlive/2013/texmf-dist/tex/latex/caption/caption.sty
Package: caption 2013/05/02 v3.3-89 Customizing captions (AR)

(/usr/local/texlive/2013/texmf-dist/tex/latex/caption/caption3.sty
Package: caption3 2013/05/02 v1.6-88 caption3 kernel (AR)
Package caption3 Info: TeX engine: e-TeX on input line 57.
\captionmargin=\dimen123
\captionmargin@=\dimen124
\captionwidth=\dimen125
\caption@tempdima=\dimen126
\caption@indent=\dimen127
\caption@parindent=\dimen128
\caption@hangindent=\dimen129
)
\c@ContinuedFloat=\count127
)
(/usr/local/texlive/2013/texmf-dist/tex/latex/amsmath/amsmath.sty
Package: amsmath 2013/01/14 v2.14 AMS math features
\@mathmargin=\skip49

For additional information on amsmath, use the `?' option.
(/usr/local/texlive/2013/texmf-dist/tex/latex/amsmath/amstext.sty
Package: amstext 2000/06/29 v2.01

(/usr/local/texlive/2013/texmf-dist/tex/latex/amsmath/amsgen.sty
File: amsgen.sty 1999/11/30 v2.0
\@emptytoks=\toks20
\ex@=\dimen130
))
(/usr/local/texlive/2013/texmf-dist/tex/latex/amsmath/amsbsy.sty
Package: amsbsy 1999/11/29 v1.2d
\pmbraise@=\dimen131
)
(/usr/local/texlive/2013/texmf-dist/tex/latex/amsmath/amsopn.sty
Package: amsopn 1999/12/14 v2.01 operator names
)
\inf@bad=\count128
LaTeX Info: Redefining \frac on input line 210.
\uproot@=\count129
\leftroot@=\count130
LaTeX Info: Redefining \overline on input line 306.
\classnum@=\count131
\DOTSCASE@=\count132
LaTeX Info: Redefining \ldots on input line 378.
LaTeX Info: Redefining \dots on input line 381.
LaTeX Info: Redefining \cdots on input line 466.
\Mathstrutbox@=\box28
\strutbox@=\box29
\big@size=\dimen132
LaTeX Font Info:    Redeclaring font encoding OML on input line 566.
LaTeX Font Info:    Redeclaring font encoding OMS on input line 567.
\macc@depth=\count133
\c@MaxMatrixCols=\count134
\dotsspace@=\muskip10
\c@parentequation=\count135
\dspbrk@lvl=\count136
\tag@help=\toks21
\row@=\count137
\column@=\count138
\maxfields@=\count139
\andhelp@=\toks22
\eqnshift@=\dimen133
\alignsep@=\dimen134
\tagshift@=\dimen135
\tagwidth@=\dimen136
\totwidth@=\dimen137
\lineht@=\dimen138
\@envbody=\toks23
\multlinegap=\skip50
\multlinetaggap=\skip51
\mathdisplay@stack=\toks24
LaTeX Info: Redefining \[ on input line 2665.
LaTeX Info: Redefining \] on input line 2666.
)
(/usr/local/texlive/2013/texmf-dist/tex/latex/setspace/setspace.sty
Package: setspace 2011/12/19 v6.7a set line spacing
)
(/usr/local/texlive/2013/texmf-dist/tex/latex/multirow/multirow.sty
\bigstrutjot=\dimen139
)
(/usr/local/texlive/2013/texmf-dist/tex/latex/hyperref/hyperref.sty
Package: hyperref 2012/11/06 v6.83m Hypertext links for LaTeX

(/usr/local/texlive/2013/texmf-dist/tex/generic/oberdiek/hobsub-hyperref.sty
Package: hobsub-hyperref 2012/05/28 v1.13 Bundle oberdiek, subset hyperref (HO)


(/usr/local/texlive/2013/texmf-dist/tex/generic/oberdiek/hobsub-generic.sty
Package: hobsub-generic 2012/05/28 v1.13 Bundle oberdiek, subset generic (HO)
Package: hobsub 2012/05/28 v1.13 Construct package bundles (HO)
Package hobsub Info: Skipping package `infwarerr' (already loaded).
Package hobsub Info: Skipping package `ltxcmds' (already loaded).
Package: ifluatex 2010/03/01 v1.3 Provides the ifluatex switch (HO)
Package ifluatex Info: LuaTeX not detected.
Package hobsub Info: Skipping package `ifvtex' (already loaded).
Package: intcalc 2007/09/27 v1.1 Expandable calculations with integers (HO)
Package hobsub Info: Skipping package `ifpdf' (already loaded).
Package: etexcmds 2011/02/16 v1.5 Avoid name clashes with e-TeX commands (HO)
Package etexcmds Info: Could not find \expanded.
(etexcmds)             That can mean that you are not using pdfTeX 1.50 or
(etexcmds)             that some package has redefined \expanded.
(etexcmds)             In the latter case, load this package earlier.
Package: kvsetkeys 2012/04/25 v1.16 Key value parser (HO)
Package: kvdefinekeys 2011/04/07 v1.3 Define keys (HO)
Package: pdftexcmds 2011/11/29 v0.20 Utility functions of pdfTeX for LuaTeX (HO
)
Package pdftexcmds Info: LuaTeX not detected.
Package pdftexcmds Info: \pdf@primitive is available.
Package pdftexcmds Info: \pdf@ifprimitive is available.
Package pdftexcmds Info: \pdfdraftmode found.
Package: pdfescape 2011/11/25 v1.13 Implements pdfTeX's escape features (HO)
Package: bigintcalc 2012/04/08 v1.3 Expandable calculations on big integers (HO
)
Package: bitset 2011/01/30 v1.1 Handle bit-vector datatype (HO)
Package: uniquecounter 2011/01/30 v1.2 Provide unlimited unique counter (HO)
)
Package hobsub Info: Skipping package `hobsub' (already loaded).
Package: letltxmacro 2010/09/02 v1.4 Let assignment for LaTeX macros (HO)
Package: hopatch 2012/05/28 v1.2 Wrapper for package hooks (HO)
Package: xcolor-patch 2011/01/30 xcolor patch
Package: atveryend 2011/06/30 v1.8 Hooks at the very end of document (HO)
Package atveryend Info: \enddocument detected (standard20110627).
Package: atbegshi 2011/10/05 v1.16 At begin shipout hook (HO)
Package: refcount 2011/10/16 v3.4 Data extraction from label references (HO)
Package: hycolor 2011/01/30 v1.7 Color options for hyperref/bookmark (HO)
)
(/usr/local/texlive/2013/texmf-dist/tex/latex/oberdiek/auxhook.sty
Package: auxhook 2011/03/04 v1.3 Hooks for auxiliary files (HO)
)
(/usr/local/texlive/2013/texmf-dist/tex/latex/oberdiek/kvoptions.sty
Package: kvoptions 2011/06/30 v3.11 Key value format for package options (HO)
)
\@linkdim=\dimen140
\Hy@linkcounter=\count140
\Hy@pagecounter=\count141

(/usr/local/texlive/2013/texmf-dist/tex/latex/hyperref/pd1enc.def
File: pd1enc.def 2012/11/06 v6.83m Hyperref: PDFDocEncoding definition (HO)
)
\Hy@SavedSpaceFactor=\count142

(/usr/local/texlive/2013/texmf-dist/tex/latex/latexconfig/hyperref.cfg
File: hyperref.cfg 2002/06/06 v1.2 hyperref configuration of TeXLive
)
Package hyperref Info: Hyper figures OFF on input line 4443.
Package hyperref Info: Link nesting OFF on input line 4448.
Package hyperref Info: Hyper index ON on input line 4451.
Package hyperref Info: Plain pages OFF on input line 4458.
Package hyperref Info: Backreferencing OFF on input line 4463.
Package hyperref Info: Implicit mode ON; LaTeX internals redefined.
Package hyperref Info: Bookmarks ON on input line 4688.
\c@Hy@tempcnt=\count143

(/usr/local/texlive/2013/texmf-dist/tex/latex/url/url.sty
\Urlmuskip=\muskip11
Package: url 2006/04/12  ver 3.3  Verb mode for urls, etc.
)
LaTeX Info: Redefining \url on input line 5041.
\XeTeXLinkMargin=\dimen141
\Fld@menulength=\count144
\Field@Width=\dimen142
\Fld@charsize=\dimen143
Package hyperref Info: Hyper figures OFF on input line 6295.
Package hyperref Info: Link nesting OFF on input line 6300.
Package hyperref Info: Hyper index ON on input line 6303.
Package hyperref Info: backreferencing OFF on input line 6310.
Package hyperref Info: Link coloring OFF on input line 6315.
Package hyperref Info: Link coloring with OCG OFF on input line 6320.
Package hyperref Info: PDF/A mode OFF on input line 6325.
LaTeX Info: Redefining \ref on input line 6365.
LaTeX Info: Redefining \pageref on input line 6369.
\Hy@abspage=\count145
\c@Item=\count146
\c@Hfootnote=\count147
)

Package hyperref Message: Driver (autodetected): hpdftex.

(/usr/local/texlive/2013/texmf-dist/tex/latex/hyperref/hpdftex.def
File: hpdftex.def 2012/11/06 v6.83m Hyperref driver for pdfTeX
\Fld@listcount=\count148
\c@bookmark@seq@number=\count149

(/usr/local/texlive/2013/texmf-dist/tex/latex/oberdiek/rerunfilecheck.sty
Package: rerunfilecheck 2011/04/15 v1.7 Rerun checks for auxiliary files (HO)
Package uniquecounter Info: New unique counter `rerunfilecheck' on input line 2
82.
)
\Hy@SectionHShift=\skip52
)
(/usr/local/texlive/2013/texmf-dist/tex/latex/tools/array.sty
Package: array 2008/09/09 v2.4c Tabular extension package (FMi)
\col@sep=\dimen144
\extrarowheight=\dimen145
\NC@list=\toks25
\extratabsurround=\skip53
\backup@length=\skip54
)
(/usr/local/texlive/2013/texmf-dist/tex/latex/upquote/upquote.sty
Package: upquote 2012/04/19 v1.3 upright-quote and grave-accent glyphs in verba
tim
)
(./MixedGWRDraft.aux)
\openout1 = `MixedGWRDraft.aux'.

LaTeX Font Info:    Checking defaults for OML/cmm/m/it on input line 61.
LaTeX Font Info:    ... okay on input line 61.
LaTeX Font Info:    Checking defaults for T1/cmr/m/n on input line 61.
LaTeX Font Info:    ... okay on input line 61.
LaTeX Font Info:    Checking defaults for OT1/cmr/m/n on input line 61.
LaTeX Font Info:    ... okay on input line 61.
LaTeX Font Info:    Checking defaults for OMS/cmsy/m/n on input line 61.
LaTeX Font Info:    ... okay on input line 61.
LaTeX Font Info:    Checking defaults for OMX/cmex/m/n on input line 61.
LaTeX Font Info:    ... okay on input line 61.
LaTeX Font Info:    Checking defaults for U/cmr/m/n on input line 61.
LaTeX Font Info:    ... okay on input line 61.
LaTeX Font Info:    Checking defaults for PD1/pdf/m/n on input line 61.
LaTeX Font Info:    ... okay on input line 61.

(/usr/local/texlive/2013/texmf-dist/tex/latex/oberdiek/epstopdf-base.sty
Package: epstopdf-base 2010/02/09 v2.5 Base part for package epstopdf

(/usr/local/texlive/2013/texmf-dist/tex/latex/oberdiek/grfext.sty
Package: grfext 2010/08/19 v1.1 Manage graphics extensions (HO)
)
Package grfext Info: Graphics extension search list:
(grfext)             [.png,.pdf,.jpg,.mps,.jpeg,.jbig2,.jb2,.PNG,.PDF,.JPG,.JPE
G,.JBIG2,.JB2,.eps]
(grfext)             \AppendGraphicsExtensions on input line 452.

(/usr/local/texlive/2013/texmf-dist/tex/latex/latexconfig/epstopdf-sys.cfg
File: epstopdf-sys.cfg 2010/07/13 v1.3 Configuration of (r)epstopdf for TeX Liv
e
))
*geometry* driver: auto-detecting
*geometry* detected driver: pdftex
*geometry* verbose mode - [ preamble ] result:
* driver: pdftex
* paper: <default>
* layout: <same size as paper>
* layoutoffset:(h,v)=(0.0pt,0.0pt)
* modes: 
* h-part:(L,W,R)=(126.4725pt, 361.34999pt, 126.4725pt)
* v-part:(T,H,B)=(95.39737pt, 556.47656pt, 143.09605pt)
* \paperwidth=614.295pt
* \paperheight=794.96999pt
* \textwidth=361.34999pt
* \textheight=556.47656pt
* \oddsidemargin=54.20251pt
* \evensidemargin=54.20251pt
* \topmargin=-13.87262pt
* \headheight=12.0pt
* \headsep=25.0pt
* \topskip=10.0pt
* \footskip=30.0pt
* \marginparwidth=65.0pt
* \marginparsep=11.0pt
* \columnsep=10.0pt
* \skip\footins=9.0pt plus 4.0pt minus 2.0pt
* \hoffset=0.0pt
* \voffset=0.0pt
* \mag=1000
* \@twocolumnfalse
* \@twosidefalse
* \@mparswitchfalse
* \@reversemarginfalse
* (1in=72.27pt=25.4mm, 1cm=28.453pt)

Package caption Info: Begin \AtBeginDocument code.
Package caption Info: hyperref package is loaded.
Package caption Info: End \AtBeginDocument code.
\AtBeginShipoutBox=\box30
Package hyperref Info: Link coloring OFF on input line 61.
(/usr/local/texlive/2013/texmf-dist/tex/latex/hyperref/nameref.sty
Package: nameref 2012/10/27 v2.43 Cross-referencing by name of section

(/usr/local/texlive/2013/texmf-dist/tex/generic/oberdiek/gettitlestring.sty
Package: gettitlestring 2010/12/03 v1.4 Cleanup title references (HO)
)
\c@section@level=\count150
)
LaTeX Info: Redefining \ref on input line 61.
LaTeX Info: Redefining \pageref on input line 61.
LaTeX Info: Redefining \nameref on input line 61.

(./MixedGWRDraft.out) (./MixedGWRDraft.out)
\@outlinefile=\write5
\openout5 = `MixedGWRDraft.out'.

LaTeX Font Info:    Try loading font information for OMS+cmr on input line 71.

(/usr/local/texlive/2013/texmf-dist/tex/latex/base/omscmr.fd
File: omscmr.fd 1999/05/25 v2.5h Standard LaTeX font definitions
)
LaTeX Font Info:    Font shape `OMS/cmr/m/n' in size <10> not available
(Font)              Font shape `OMS/cmsy/m/n' tried instead on input line 71.
 [1

{/usr/local/texlive/2013/texmf-var/fonts/map/pdftex/updmap/pdftex.map}] [2] [3]
Package color Info: Redefining color shadecolor on input line 152.
LaTeX Font Info:    Font shape `OT1/cmtt/bx/n' in size <10> not available
(Font)              Font shape `OT1/cmtt/m/n' tried instead on input line 154.
LaTeX Font Info:    Try loading font information for OMS+cmtt on input line 154
.

(/Library/Frameworks/R.framework/Resources/share/texmf/tex/latex/omscmtt.fd
File: omscmtt.fd 
)
LaTeX Font Info:    Font shape `OMS/cmtt/m/n' in size <10> not available
(Font)              Font shape `OMS/cmsy/m/n' tried instead on input line 154.

Overfull \hbox (32.39658pt too wide) in paragraph at lines 159--159
[]    []\OT1/cmtt/m/n/10 newdata[] []=[] []data.frame[][]([][]ModelNum[] []= te
mp4,[] []Metric[] []=[] []factor[][]([][]rownames[][](temp3),[][] 
 []

[4]
Underfull \vbox (badness 10000) detected at line 289
 []


Underfull \vbox (badness 10000) detected at line 289
 []

[5]
Underfull \vbox (badness 10000) detected at line 289
 []


Overfull \vbox (1.85678pt too high) detected at line 289
 []

[6]
Overfull \hbox (3.50252pt too wide) in paragraph at lines 303--304
\OT1/cmr/m/n/10 co-ef-fi-cients. In each run of the sim-u-la-tion we es-ti-mate
d 50 dif-fer-ent model/bandwidth
 []

Package color Info: Redefining color shadecolor on input line 307.

Overfull \hbox (79.64616pt too wide) in paragraph at lines 323--323
[]            []\OT1/cmtt/m/n/10 hist[][](temp3,[] []xlim[] []=[] []c[][]([][]0
[][],[] []50[][]),[] []breaks[] []=[] []5[] []*[] []([][]0[][]:[][]10[][]),[] [
]col[] []=[] []ifelse[][](colMat[i,[][] 
 []


Overfull \hbox (32.39658pt too wide) in paragraph at lines 324--324
[]                []\OT1/cmtt/m/n/10 k][] []==[] []"red"[][],[] []"red"[][],[] 
[]"grey85"[][]),[] []axes[] []= F,[] []ylab[] []=[] []"rel freq"[][],[][] 
 []


Overfull \hbox (32.39658pt too wide) in paragraph at lines 328--328
[]    []\OT1/cmtt/m/n/10 mtext[][]([][]text[] []=[] []paste0[][]([][]"Model #"[
][], i,[] []"(non-stationary parameters in red"[][]),[][] 
 []


Overfull \hbox (79.64616pt too wide) in paragraph at lines 330--330
[]    []\OT1/cmtt/m/n/10 mtext[][](inputMetrics,[] []at[] []=[] []seq[][]([][]0
.875[][],[] []0.125[][],[] []length.out[] []=[] []4[][]),[] []side[] []=[] []2[
][],[] []outer[] []= T)[][] 
 []


Overfull \hbox (32.39658pt too wide) in paragraph at lines 331--331
[]    []\OT1/cmtt/m/n/10 mtext[][]([][]paste0[][]([][]"B"[][],[] []0[][]:[][]2[
][]),[] []at[] []=[] []seq[][]([][]0.17[][],[] []0.83[][],[] []length.out[] []=
[] []3[][]),[] []side[] []=[] []3[][],[][] 
 []

[7] <./figure/BetaRankTabulations1.pdf> <./figure/BetaRankTabulations2.pdf> <./
figure/BetaRankTabulations3.pdf> <./figure/BetaRankTabulations4.pdf> <./figure/
BetaRankTabulations5.pdf> <./figure/BetaRankTabulations6.pdf> <./figure/BetaRan
kTabulations7.pdf> <./figure/BetaRankTabulations8.pdf> [8] [9]
Package color Info: Redefining color shadecolor on input line 356.

Overfull \hbox (23.63278pt too wide) in paragraph at lines 358--358
[][]\OT1/cmtt/m/it/10 # temp2 = which(mcOutput[1, ^^MTrue Model^^M, ] == i) inp
utMetrics = c(^^MAIC^^M,[][] 
 []


Overfull \hbox (2.63297pt too wide) in paragraph at lines 359--359
[][]\OT1/cmtt/m/it/10 # ^^MGCV^^M, ^^MSCV^^M, ^^MLOOCV^^M) inputStats = c(^^MB0
RMSE Rank^^M, ^^MB1RMSE Rank^^M,[][] 
 []


Overfull \hbox (18.38283pt too wide) in paragraph at lines 360--360
[][]\OT1/cmtt/m/it/10 # ^^MB2RMSE Rank^^M) temp3 = mcOutput[inputMetrics[j], in
putStats[k], temp2][][] 
 []


Overfull \hbox (84.89612pt too wide) in paragraph at lines 361--361
[][]\OT1/cmtt/m/n/10 myVars[] []=[] []c[][]([][]"B0RMSE"[][],[] []"B1RMSE"[][],
[] []"B2RMSE"[][],[] []"B0RMSE Rank"[][],[] []"B1RMSE Rank"[][],[] []"B2RMSE Ra
nk"[][],[][] 
 []


Overfull \hbox (42.89648pt too wide) in paragraph at lines 362--362
[]    []\OT1/cmtt/m/n/10 "Sample Size"[][],[] []"Error"[][],[] []"True Model"[]
[],[] []"B0 SpVar"[][],[] []"B1 SpVar"[][],[] []"B2 SpVar"[][],[][] 
 []


Overfull \hbox (32.39658pt too wide) in paragraph at lines 385--385
[][]\OT1/cmtt/m/n/10 names[][](rankData)[[][]which[][]([][]names[][](rankData)[
] []==[] []"Model Number"[][])][] []=[] []"selectedmodel"[][] 
 []

Package color Info: Redefining color shadecolor on input line 394.

Overfull \hbox (58.64635pt too wide) in paragraph at lines 396--396
[][]\OT1/cmtt/m/n/10 RMSEregression0[] []<-[] []lm[][](B0RMSE[] []~[] []samples
ize[] []+[] []metric[] []+[] []B0sv[] []+[] []B1sv[] []+[] []B2sv[] []+[] []err
or,[][] 
 []

[10]
Package color Info: Redefining color shadecolor on input line 436.

Overfull \hbox (58.64635pt too wide) in paragraph at lines 438--438
[][]\OT1/cmtt/m/n/10 RMSEregression1[] []<-[] []lm[][](B1RMSE[] []~[] []samples
ize[] []+[] []metric[] []+[] []B0sv[] []+[] []B1sv[] []+[] []B2sv[] []+[] []err
or,[][] 
 []

[11]
Package color Info: Redefining color shadecolor on input line 478.

Overfull \hbox (58.64635pt too wide) in paragraph at lines 480--480
[][]\OT1/cmtt/m/n/10 RMSEregression2[] []<-[] []lm[][](B2RMSE[] []~[] []samples
ize[] []+[] []metric[] []+[] []B0sv[] []+[] []B1sv[] []+[] []B2sv[] []+[] []err
or,[][] 
 []

[12]
Package color Info: Redefining color shadecolor on input line 523.

Overfull \hbox (11.39676pt too wide) in paragraph at lines 536--536
[][]\OT1/cmtt/m/n/10 rankData[][]$[][]ModelBeta0svTrue[] []=[] []ModelBetaSV.se
lected.true[][](TrueModelBeta0sv)[][] 
 []


Overfull \hbox (11.39676pt too wide) in paragraph at lines 537--537
[][]\OT1/cmtt/m/n/10 rankData[][]$[][]ModelBeta1svTrue[] []=[] []ModelBetaSV.se
lected.true[][](TrueModelBeta1sv)[][] 
 []


Overfull \hbox (11.39676pt too wide) in paragraph at lines 538--538
[][]\OT1/cmtt/m/n/10 rankData[][]$[][]ModelBeta2svTrue[] []=[] []ModelBetaSV.se
lected.true[][](TrueModelBeta2sv)[][] 
 []

Package color Info: Redefining color shadecolor on input line 545.

Overfull \hbox (63.8963pt too wide) in paragraph at lines 547--547
[][]\OT1/cmtt/m/n/10 RMSEregression0[] []<-[] []lm[][](B0RMSE[] []~[] []samples
ize[] []+[] []metric[] []+[] []B0sv[] []+[] []B1sv[] []+[] []B2sv[] []+[] []err
or[] []+[][] 
 []

[13]
Package color Info: Redefining color shadecolor on input line 588.

Overfull \hbox (63.8963pt too wide) in paragraph at lines 590--590
[][]\OT1/cmtt/m/n/10 RMSEregression1[] []<-[] []lm[][](B1RMSE[] []~[] []samples
ize[] []+[] []metric[] []+[] []B0sv[] []+[] []B1sv[] []+[] []B2sv[] []+[] []err
or[] []+[][] 
 []

[14]
Package color Info: Redefining color shadecolor on input line 631.

Overfull \hbox (63.8963pt too wide) in paragraph at lines 633--633
[][]\OT1/cmtt/m/n/10 RMSEregression2[] []<-[] []lm[][](B2RMSE[] []~[] []samples
ize[] []+[] []metric[] []+[] []B0sv[] []+[] []B1sv[] []+[] []B2sv[] []+[] []err
or[] []+[][] 
 []

Package color Info: Redefining color shadecolor on input line 677.

Overfull \hbox (63.8963pt too wide) in paragraph at lines 679--679
[][]\OT1/cmtt/m/n/10 RMSEregression0[] []<-[] []lm[][](B0RMSE[] []~[] []samples
ize[] []+[] []metric[] []+[] []B0sv[] []+[] []B1sv[] []+[] []B2sv[] []+[] []err
or[] []+[][] 
 []

[15]
Package color Info: Redefining color shadecolor on input line 720.

Overfull \hbox (63.8963pt too wide) in paragraph at lines 722--722
[][]\OT1/cmtt/m/n/10 RMSEregression1[] []<-[] []lm[][](B1RMSE[] []~[] []samples
ize[] []+[] []metric[] []+[] []B0sv[] []+[] []B1sv[] []+[] []B2sv[] []+[] []err
or[] []+[][] 
 []

[16]
Package color Info: Redefining color shadecolor on input line 763.

Overfull \hbox (63.8963pt too wide) in paragraph at lines 765--765
[][]\OT1/cmtt/m/n/10 RMSEregression2[] []<-[] []lm[][](B2RMSE[] []~[] []samples
ize[] []+[] []metric[] []+[] []B0sv[] []+[] []B1sv[] []+[] []B2sv[] []+[] []err
or[] []+[][] 
 []

[17]
Package color Info: Redefining color shadecolor on input line 809.

Overfull \hbox (100.64598pt too wide) in paragraph at lines 814--814
[][]\OT1/cmtt/m/n/10 rankLM[] []<-[] []lm[][](B0rank[] []~[] []samplesize[] []+
[] []metric[] []+[] []B0sv[] []+[] []B1sv[] []+[] []B2sv[] []+[] []error,[] []d
ata[] []= rankData)[][] 
 []

[18]
Package color Info: Redefining color shadecolor on input line 855.

Overfull \hbox (100.64598pt too wide) in paragraph at lines 857--857
[][]\OT1/cmtt/m/n/10 rankLM[] []<-[] []lm[][](B1rank[] []~[] []samplesize[] []+
[] []metric[] []+[] []B0sv[] []+[] []B1sv[] []+[] []B2sv[] []+[] []error,[] []d
ata[] []= rankData)[][] 
 []

Package color Info: Redefining color shadecolor on input line 898.
[19]
Overfull \hbox (100.64598pt too wide) in paragraph at lines 900--900
[][]\OT1/cmtt/m/n/10 rankLM[] []<-[] []lm[][](B2rank[] []~[] []samplesize[] []+
[] []metric[] []+[] []B0sv[] []+[] []B1sv[] []+[] []B2sv[] []+[] []error,[] []d
ata[] []= rankData)[][] 
 []

Package color Info: Redefining color shadecolor on input line 942.

Overfull \hbox (111.14589pt too wide) in paragraph at lines 944--944
[][]\OT1/cmtt/m/n/10 rankLM[] []<-[] []lm[][](B0rank[] []~[] []samplesize[] []+
[] []metric[] []+[] []B0sv[] []+[] []B1sv[] []+[] []B2sv[] []+[] []error[] []+[
] []ModelBeta0svTrue,[][] 
 []

[20]
Package color Info: Redefining color shadecolor on input line 987.

Overfull \hbox (111.14589pt too wide) in paragraph at lines 989--989
[][]\OT1/cmtt/m/n/10 rankLM[] []<-[] []lm[][](B1rank[] []~[] []samplesize[] []+
[] []metric[] []+[] []B0sv[] []+[] []B1sv[] []+[] []B2sv[] []+[] []error[] []+[
] []ModelBeta1svTrue,[][] 
 []

[21]
Package color Info: Redefining color shadecolor on input line 1032.

Overfull \hbox (111.14589pt too wide) in paragraph at lines 1034--1034
[][]\OT1/cmtt/m/n/10 rankLM[] []<-[] []lm[][](B0rank[] []~[] []samplesize[] []+
[] []metric[] []+[] []B0sv[] []+[] []B1sv[] []+[] []B2sv[] []+[] []error[] []+[
] []ModelBeta2svTrue,[][] 
 []

[22]
Package color Info: Redefining color shadecolor on input line 1078.

Overfull \hbox (116.39584pt too wide) in paragraph at lines 1080--1080
[][]\OT1/cmtt/m/n/10 rankLM[] []<-[] []lm[][](B0rank[] []~[] []samplesize[] []+
[] []metric[] []+[] []B0sv[] []+[] []B1sv[] []+[] []B2sv[] []+[] []error[] []+[
] []ModelBeta0svTrue[] []+[][] 
 []


Overfull \hbox (6.1468pt too wide) in paragraph at lines 1119--1119
[]\OT1/cmtt/m/n/10 ##     error + ModelBeta0svTrue + ModelBeta1svTrue + ModelBe
ta2svTrue,[] 
 []

[23]
Package color Info: Redefining color shadecolor on input line 1126.

Overfull \hbox (116.39584pt too wide) in paragraph at lines 1128--1128
[][]\OT1/cmtt/m/n/10 rankLM[] []<-[] []lm[][](B1rank[] []~[] []samplesize[] []+
[] []metric[] []+[] []B0sv[] []+[] []B1sv[] []+[] []B2sv[] []+[] []error[] []+[
] []ModelBeta0svTrue[] []+[][] 
 []


Overfull \hbox (6.1468pt too wide) in paragraph at lines 1167--1167
[]\OT1/cmtt/m/n/10 ##     error + ModelBeta0svTrue + ModelBeta1svTrue + ModelBe
ta2svTrue,[] 
 []

[24]
Package color Info: Redefining color shadecolor on input line 1174.

Overfull \hbox (116.39584pt too wide) in paragraph at lines 1176--1176
[][]\OT1/cmtt/m/n/10 rankLM[] []<-[] []lm[][](B2rank[] []~[] []samplesize[] []+
[] []metric[] []+[] []B0sv[] []+[] []B1sv[] []+[] []B2sv[] []+[] []error[] []+[
] []ModelBeta0svTrue[] []+[][] 
 []


Overfull \hbox (6.1468pt too wide) in paragraph at lines 1215--1215
[]\OT1/cmtt/m/n/10 ##     error + ModelBeta0svTrue + ModelBeta1svTrue + ModelBe
ta2svTrue,[] 
 []

[25]
Package color Info: Redefining color shadecolor on input line 1226.

Overfull \hbox (58.64635pt too wide) in paragraph at lines 1231--1231
[][]\OT1/cmtt/m/n/10 mylogit[] []<-[] []glm[][]([][]cbind[][](B0rankP,[] []1[] 
[]-[] []B0rankP)[] []~[] []samplesize[] []+[] []metric[] []+[] []B0sv[] []+[] [
]B1sv[] []+[][] 
 []


Overfull \hbox (16.64671pt too wide) in paragraph at lines 1274--1274
[]\OT1/cmtt/m/n/10 ##     B0sv + B1sv + B2sv + error, family = "binomial", data
 = rankData)[] 
 []

[26]
Package color Info: Redefining color shadecolor on input line 1281.

Overfull \hbox (58.64635pt too wide) in paragraph at lines 1283--1283
[][]\OT1/cmtt/m/n/10 mylogit[] []<-[] []glm[][]([][]cbind[][](B1rankP,[] []1[] 
[]-[] []B1rankP)[] []~[] []samplesize[] []+[] []metric[] []+[] []B0sv[] []+[] [
]B1sv[] []+[][] 
 []


Overfull \hbox (16.64671pt too wide) in paragraph at lines 1326--1326
[]\OT1/cmtt/m/n/10 ##     B0sv + B1sv + B2sv + error, family = "binomial", data
 = rankData)[] 
 []

[27]
Package color Info: Redefining color shadecolor on input line 1333.

Overfull \hbox (58.64635pt too wide) in paragraph at lines 1335--1335
[][]\OT1/cmtt/m/n/10 mylogit[] []<-[] []glm[][]([][]cbind[][](B2rankP,[] []1[] 
[]-[] []B2rankP)[] []~[] []samplesize[] []+[] []metric[] []+[] []B0sv[] []+[] [
]B1sv[] []+[][] 
 []


Overfull \hbox (16.64671pt too wide) in paragraph at lines 1378--1378
[]\OT1/cmtt/m/n/10 ##     B0sv + B1sv + B2sv + error, family = "binomial", data
 = rankData)[] 
 []

Package color Info: Redefining color shadecolor on input line 1386.
[28]
Overfull \hbox (58.64635pt too wide) in paragraph at lines 1388--1388
[][]\OT1/cmtt/m/n/10 mylogit[] []<-[] []glm[][]([][]cbind[][](B0rankP,[] []1[] 
[]-[] []B0rankP)[] []~[] []samplesize[] []+[] []metric[] []+[] []B0sv[] []+[] [
]B1sv[] []+[][] 
 []


Overfull \hbox (27.14662pt too wide) in paragraph at lines 1389--1389
[]    []\OT1/cmtt/m/n/10 B2sv[] []+[] []error[] []+[] []ModelBeta0svTrue,[] []d
ata[] []= rankData,[] []family[] []=[] []"binomial"[][])[][] 
 []


Overfull \hbox (27.14662pt too wide) in paragraph at lines 1433--1433
[]\OT1/cmtt/m/n/10 ##     B0sv + B1sv + B2sv + error + ModelBeta0svTrue, family
 = "binomial",[] 
 []

Package color Info: Redefining color shadecolor on input line 1440.
[29]
Overfull \hbox (58.64635pt too wide) in paragraph at lines 1442--1442
[][]\OT1/cmtt/m/n/10 mylogit[] []<-[] []glm[][]([][]cbind[][](B1rankP,[] []1[] 
[]-[] []B1rankP)[] []~[] []samplesize[] []+[] []metric[] []+[] []B0sv[] []+[] [
]B1sv[] []+[][] 
 []


Overfull \hbox (27.14662pt too wide) in paragraph at lines 1443--1443
[]    []\OT1/cmtt/m/n/10 B2sv[] []+[] []error[] []+[] []ModelBeta1svTrue,[] []d
ata[] []= rankData,[] []family[] []=[] []"binomial"[][])[][] 
 []


Overfull \hbox (27.14662pt too wide) in paragraph at lines 1487--1487
[]\OT1/cmtt/m/n/10 ##     B0sv + B1sv + B2sv + error + ModelBeta1svTrue, family
 = "binomial",[] 
 []

Package color Info: Redefining color shadecolor on input line 1494.
[30]
Overfull \hbox (58.64635pt too wide) in paragraph at lines 1496--1496
[][]\OT1/cmtt/m/n/10 mylogit[] []<-[] []glm[][]([][]cbind[][](B2rankP,[] []1[] 
[]-[] []B2rankP)[] []~[] []samplesize[] []+[] []metric[] []+[] []B0sv[] []+[] [
]B1sv[] []+[][] 
 []


Overfull \hbox (27.14662pt too wide) in paragraph at lines 1497--1497
[]    []\OT1/cmtt/m/n/10 B2sv[] []+[] []error[] []+[] []ModelBeta2svTrue,[] []d
ata[] []= rankData,[] []family[] []=[] []"binomial"[][])[][] 
 []


Overfull \hbox (27.14662pt too wide) in paragraph at lines 1541--1541
[]\OT1/cmtt/m/n/10 ##     B0sv + B1sv + B2sv + error + ModelBeta2svTrue, family
 = "binomial",[] 
 []

Package color Info: Redefining color shadecolor on input line 1549.
[31]
Overfull \hbox (58.64635pt too wide) in paragraph at lines 1551--1551
[][]\OT1/cmtt/m/n/10 mylogit[] []<-[] []glm[][]([][]cbind[][](B0rankP,[] []1[] 
[]-[] []B0rankP)[] []~[] []samplesize[] []+[] []metric[] []+[] []B0sv[] []+[] [
]B1sv[] []+[][] 
 []


Overfull \hbox (116.39584pt too wide) in paragraph at lines 1552--1552
[]    []\OT1/cmtt/m/n/10 B2sv[] []+[] []error[] []+[] []ModelBeta0svTrue[] []+[
] []ModelBeta1svTrue[] []+[] []ModelBeta2svTrue,[] []data[] []= rankData,[][] 
 []


Overfull \hbox (21.89667pt too wide) in paragraph at lines 1599--1599
[]\OT1/cmtt/m/n/10 ##     B0sv + B1sv + B2sv + error + ModelBeta0svTrue + Model
Beta1svTrue +[] 
 []

Package color Info: Redefining color shadecolor on input line 1606.
[32]
Overfull \hbox (58.64635pt too wide) in paragraph at lines 1608--1608
[][]\OT1/cmtt/m/n/10 mylogit[] []<-[] []glm[][]([][]cbind[][](B1rankP,[] []1[] 
[]-[] []B1rankP)[] []~[] []samplesize[] []+[] []metric[] []+[] []B0sv[] []+[] [
]B1sv[] []+[][] 
 []


Overfull \hbox (116.39584pt too wide) in paragraph at lines 1609--1609
[]    []\OT1/cmtt/m/n/10 B2sv[] []+[] []error[] []+[] []ModelBeta0svTrue[] []+[
] []ModelBeta1svTrue[] []+[] []ModelBeta2svTrue,[] []data[] []= rankData,[][] 
 []


Overfull \hbox (21.89667pt too wide) in paragraph at lines 1656--1656
[]\OT1/cmtt/m/n/10 ##     B0sv + B1sv + B2sv + error + ModelBeta0svTrue + Model
Beta1svTrue +[] 
 []

[33]
Package color Info: Redefining color shadecolor on input line 1663.

Overfull \hbox (58.64635pt too wide) in paragraph at lines 1665--1665
[][]\OT1/cmtt/m/n/10 mylogit[] []<-[] []glm[][]([][]cbind[][](B2rankP,[] []1[] 
[]-[] []B2rankP)[] []~[] []samplesize[] []+[] []metric[] []+[] []B0sv[] []+[] [
]B1sv[] []+[][] 
 []


Overfull \hbox (116.39584pt too wide) in paragraph at lines 1666--1666
[]    []\OT1/cmtt/m/n/10 B2sv[] []+[] []error[] []+[] []ModelBeta0svTrue[] []+[
] []ModelBeta1svTrue[] []+[] []ModelBeta2svTrue,[] []data[] []= rankData,[][] 
 []


Overfull \hbox (21.89667pt too wide) in paragraph at lines 1713--1713
[]\OT1/cmtt/m/n/10 ##     B0sv + B1sv + B2sv + error + ModelBeta0svTrue + Model
Beta1svTrue +[] 
 []

[34] [35] (./MixedGWRDraft.bbl)
AED endfloat: Processing end Figures and Tables [36]
Package atveryend Info: Empty hook `BeforeClearDocument' on input line 1725.
Package atveryend Info: Empty hook `AfterLastShipout' on input line 1725.
 (./MixedGWRDraft.aux)
Package atveryend Info: Executing hook `AtVeryEndDocument' on input line 1725.
Package atveryend Info: Executing hook `AtEndAfterFileList' on input line 1725.

Package rerunfilecheck Info: File `MixedGWRDraft.out' has not changed.
(rerunfilecheck)             Checksum: D5EE9CC96A4B08262C58E09256B19C6D;631.
Package atveryend Info: Empty hook `AtVeryVeryEnd' on input line 1725.
 ) 
Here is how much of TeX's memory you used:
 8594 strings out of 493315
 129154 string characters out of 6137904
 269924 words of memory out of 5000000
 11852 multiletter control sequences out of 15000+600000
 10324 words of font info for 38 fonts, out of 8000000 for 9000
 957 hyphenation exceptions out of 8191
 36i,6n,59p,995b,374s stack positions out of 5000i,500n,10000p,200000b,80000s
</usr/local/texlive/2013/texmf-dist/fonts/type1/public/amsfonts/cm/cmbx10.pfb
></usr/local/texlive/2013/texmf-dist/fonts/type1/public/amsfonts/cm/cmbx12.pfb>
</usr/local/texlive/2013/texmf-dist/fonts/type1/public/amsfonts/cm/cmex10.pfb><
/usr/local/texlive/2013/texmf-dist/fonts/type1/public/amsfonts/cm/cmitt10.pfb><
/usr/local/texlive/2013/texmf-dist/fonts/type1/public/amsfonts/cm/cmmi10.pfb></
usr/local/texlive/2013/texmf-dist/fonts/type1/public/amsfonts/cm/cmmi7.pfb></us
r/local/texlive/2013/texmf-dist/fonts/type1/public/amsfonts/cm/cmr10.pfb></usr/
local/texlive/2013/texmf-dist/fonts/type1/public/amsfonts/cm/cmr12.pfb></usr/lo
cal/texlive/2013/texmf-dist/fonts/type1/public/amsfonts/cm/cmr17.pfb></usr/loca
l/texlive/2013/texmf-dist/fonts/type1/public/amsfonts/cm/cmr7.pfb></usr/local/t
exlive/2013/texmf-dist/fonts/type1/public/amsfonts/cm/cmsy10.pfb></usr/local/te
xlive/2013/texmf-dist/fonts/type1/public/amsfonts/cm/cmsy7.pfb></usr/local/texl
ive/2013/texmf-dist/fonts/type1/public/amsfonts/cm/cmti10.pfb></usr/local/texli
ve/2013/texmf-dist/fonts/type1/public/amsfonts/cm/cmtt10.pfb>
Output written on MixedGWRDraft.pdf (36 pages, 274715 bytes).
PDF statistics:
 438 PDF objects out of 1000 (max. 8388607)
 336 compressed objects within 4 object streams
 69 named destinations out of 1000 (max. 500000)
 301 words of extra memory for PDF output out of 10000 (max. 10000000)

